0 info it worked if it ends with ok
1 verbose cli [ '/Users/victor/.nvm/versions/node/v4.4.6/bin/node',
1 verbose cli   '/Users/victor/.nvm/versions/node/v4.4.6/bin/npm',
1 verbose cli   'publish' ]
2 info using npm@2.15.5
3 info using node@v4.4.6
4 verbose publish [ '.' ]
5 silly cache add args [ '.', null ]
6 verbose cache add spec .
7 silly cache add parsed spec Result {
7 silly cache add   raw: '.',
7 silly cache add   scope: null,
7 silly cache add   name: null,
7 silly cache add   rawSpec: '.',
7 silly cache add   spec: '/Users/victor/labcode/vovovway/shortstyle',
7 silly cache add   type: 'directory' }
8 verbose addLocalDirectory /Users/victor/.npm/shortstyle/0.1.0/package.tgz not in flight; packing
9 verbose correctMkdir /Users/victor/.npm correctMkdir not in flight; initializing
10 verbose tar pack [ '/Users/victor/.npm/shortstyle/0.1.0/package.tgz',
10 verbose tar pack   '/Users/victor/labcode/vovovway/shortstyle' ]
11 verbose tarball /Users/victor/.npm/shortstyle/0.1.0/package.tgz
12 verbose folder /Users/victor/labcode/vovovway/shortstyle
13 info prepublish shortstyle@0.1.0
14 verbose addLocalTarball adding from inside cache /Users/victor/.npm/shortstyle/0.1.0/package.tgz
15 verbose correctMkdir /Users/victor/.npm correctMkdir not in flight; initializing
16 silly cache afterAdd shortstyle@0.1.0
17 verbose afterAdd /Users/victor/.npm/shortstyle/0.1.0/package/package.json not in flight; writing
18 verbose correctMkdir /Users/victor/.npm correctMkdir not in flight; initializing
19 verbose afterAdd /Users/victor/.npm/shortstyle/0.1.0/package/package.json written
20 silly publish { name: 'shortstyle',
20 silly publish   version: '0.1.0',
20 silly publish   description: 'Concise way of writing styles as properties',
20 silly publish   main: 'lib/shortstyle.js',
20 silly publish   scripts:
20 silly publish    { test: 'mocha \'src/**/test__*.coffee\' --watch --compilers coffee:coffee-script/register',
20 silly publish      clean: 'rimraf lib',
20 silly publish      build: 'coffee -o lib/ -c src/',
20 silly publish      dist: 'npm run clean && npm run build' },
20 silly publish   repository:
20 silly publish    { type: 'git',
20 silly publish      url: 'git+https://github.com/Cottin/shortstyle.git' },
20 silly publish   keywords: [ 'sql', 'mongodb' ],
20 silly publish   author:
20 silly publish    { name: 'Victor Cottin',
20 silly publish      email: 'victor@wecodebetter.se',
20 silly publish      url: 'http://www.wecodebetter.se/' },
20 silly publish   license: 'MIT',
20 silly publish   bugs: { url: 'https://github.com/Cottin/shortstyle/issues' },
20 silly publish   homepage: 'https://github.com/Cottin/shortstyle',
20 silly publish   dependencies: { ramda: '^0.23.0', 'ramda-extras': '^0.2.17' },
20 silly publish   devDependencies:
20 silly publish    { 'babel-core': '^6.3.15',
20 silly publish      'babel-eslint': '^5.0.0-beta4',
20 silly publish      'babel-loader': '^6.2.0',
20 silly publish      'babel-preset-es2015': '^6.3.13',
20 silly publish      'babel-preset-react': '^6.3.13',
20 silly publish      'babel-preset-react-hmre': '^1.0.0',
20 silly publish      'coffee-loader': '^0.7.2',
20 silly publish      'coffee-script': '^1.10.0',
20 silly publish      'cross-env': '^1.0.6',
20 silly publish      eslint: '^1.10.3',
20 silly publish      'eslint-plugin-babel': '^3.0.0',
20 silly publish      rimraf: '^2.4.3' },
20 silly publish   readme: '# Shortstyle\n\n\n# Questions?\nDoes this affect performance? Always new props sent to the element... Investigate!\n',
20 silly publish   readmeFilename: 'README.md',
20 silly publish   gitHead: '031c6d3d22c9757b0537cddb416fd25b514e2b27',
20 silly publish   _id: 'shortstyle@0.1.0',
20 silly publish   _shasum: '4db4e13841839355e6c793182bebdd3963e24337',
20 silly publish   _from: '.' }
21 verbose getPublishConfig undefined
22 silly mapToRegistry name shortstyle
23 silly mapToRegistry using default registry
24 silly mapToRegistry registry https://registry.npmjs.org/
25 silly mapToRegistry data Result {
25 silly mapToRegistry   raw: 'shortstyle',
25 silly mapToRegistry   scope: null,
25 silly mapToRegistry   name: 'shortstyle',
25 silly mapToRegistry   rawSpec: '',
25 silly mapToRegistry   spec: 'latest',
25 silly mapToRegistry   type: 'tag' }
26 silly mapToRegistry uri https://registry.npmjs.org/shortstyle
27 verbose publish registryBase https://registry.npmjs.org/
28 silly publish uploading /Users/victor/.npm/shortstyle/0.1.0/package.tgz
29 verbose request uri https://registry.npmjs.org/shortstyle
30 verbose request sending authorization for write operation
31 info attempt registry request try #1 at 3:19:07 PM
32 verbose request using bearer token for auth
33 verbose request id f83a9d4e6b556ad1
34 http request PUT https://registry.npmjs.org/shortstyle
35 http 403 https://registry.npmjs.org/shortstyle
36 verbose headers { 'content-type': 'application/json',
36 verbose headers   'cache-control': 'max-age=300',
36 verbose headers   'content-length': '91',
36 verbose headers   'accept-ranges': 'bytes',
36 verbose headers   date: 'Wed, 04 Oct 2017 13:19:09 GMT',
36 verbose headers   via: '1.1 varnish',
36 verbose headers   connection: 'keep-alive',
36 verbose headers   'x-served-by': 'cache-bma7024-BMA',
36 verbose headers   'x-cache': 'MISS',
36 verbose headers   'x-cache-hits': '0',
36 verbose headers   'x-timer': 'S1507123148.345256,VS0,VE1408',
36 verbose headers   vary: 'Accept-Encoding, Accept' }
37 verbose request invalidating /Users/victor/.npm/registry.npmjs.org/shortstyle on PUT
38 error publish Failed PUT 403
39 verbose stack Error: You cannot publish over the previously published version 0.1.0. : shortstyle
39 verbose stack     at makeError (/Users/victor/.nvm/versions/node/v4.4.6/lib/node_modules/npm/node_modules/npm-registry-client/lib/request.js:264:12)
39 verbose stack     at CachingRegistryClient.<anonymous> (/Users/victor/.nvm/versions/node/v4.4.6/lib/node_modules/npm/node_modules/npm-registry-client/lib/request.js:252:14)
39 verbose stack     at Request._callback (/Users/victor/.nvm/versions/node/v4.4.6/lib/node_modules/npm/node_modules/npm-registry-client/lib/request.js:172:14)
39 verbose stack     at Request.self.callback (/Users/victor/.nvm/versions/node/v4.4.6/lib/node_modules/npm/node_modules/request/request.js:200:22)
39 verbose stack     at emitTwo (events.js:87:13)
39 verbose stack     at Request.emit (events.js:172:7)
39 verbose stack     at Request.<anonymous> (/Users/victor/.nvm/versions/node/v4.4.6/lib/node_modules/npm/node_modules/request/request.js:1067:10)
39 verbose stack     at emitOne (events.js:82:20)
39 verbose stack     at Request.emit (events.js:169:7)
39 verbose stack     at IncomingMessage.<anonymous> (/Users/victor/.nvm/versions/node/v4.4.6/lib/node_modules/npm/node_modules/request/request.js:988:12)
40 verbose statusCode 403
41 verbose pkgid shortstyle
42 verbose cwd /Users/victor/labcode/vovovway/shortstyle
43 error Darwin 15.0.0
44 error argv "/Users/victor/.nvm/versions/node/v4.4.6/bin/node" "/Users/victor/.nvm/versions/node/v4.4.6/bin/npm" "publish"
45 error node v4.4.6
46 error npm  v2.15.5
47 error code E403
48 error You cannot publish over the previously published version 0.1.0. : shortstyle
49 error If you need help, you may report this error at:
49 error     <https://github.com/npm/npm/issues>
50 verbose exit [ 1, true ]
